<?xml version="1.0" encoding="UTF-8"?>
<testng-results skipped="0" failed="1" ignored="22" total="27" passed="4">
  <reporter-output>
  </reporter-output>
  <suite name="Smoke Suite" duration-ms="49313" started-at="2019-06-16T19:58:37Z" finished-at="2019-06-16T19:59:26Z">
    <groups>
      <group name="smoke">
        <method signature="LocationWithExcel.Verify()[pri:0, instance:com.syntax.testcases.LocationWithExcel@6276ae34]" name="Verify" class="com.syntax.testcases.LocationWithExcel"/>
        <method signature="LoginPageTest.doLogin()[pri:0, instance:com.syntax.testcases.LoginPageTest@39fb3ab6]" name="doLogin" class="com.syntax.testcases.LoginPageTest"/>
        <method signature="LoginPageTest.loginToOrangeHRM()[pri:0, instance:com.syntax.testcases.LoginPageTest@39fb3ab6]" name="loginToOrangeHRM" class="com.syntax.testcases.LoginPageTest"/>
        <method signature="LoginTest.doLogin()[pri:0, instance:com.syntax.testcases.LoginTest@61a485d2]" name="doLogin" class="com.syntax.testcases.LoginTest"/>
        <method signature="LoginTest.loginToOrangeHRM()[pri:0, instance:com.syntax.testcases.LoginTest@61a485d2]" name="loginToOrangeHRM" class="com.syntax.testcases.LoginTest"/>
      </group> <!-- smoke -->
    </groups>
    <test name="Smoke Test" duration-ms="49313" started-at="2019-06-16T19:58:37Z" finished-at="2019-06-16T19:59:26Z">
      <class name="com.syntax.testcases.LocationWithExcel">
        <test-method status="PASS" signature="setUp()[pri:0, instance:com.syntax.testcases.LocationWithExcel@6276ae34]" name="setUp" is-config="true" duration-ms="2362" started-at="2019-06-16T19:58:59Z" finished-at="2019-06-16T19:59:01Z">
          <reporter-output>
          </reporter-output>
        </test-method> <!-- setUp -->
        <test-method status="PASS" signature="Verify()[pri:0, instance:com.syntax.testcases.LocationWithExcel@6276ae34]" name="Verify" duration-ms="24032" started-at="2019-06-16T19:59:01Z" finished-at="2019-06-16T19:59:25Z">
          <reporter-output>
          </reporter-output>
        </test-method> <!-- Verify -->
        <test-method status="PASS" signature="tearDown()[pri:0, instance:com.syntax.testcases.LocationWithExcel@6276ae34]" name="tearDown" is-config="true" duration-ms="92" started-at="2019-06-16T19:59:25Z" finished-at="2019-06-16T19:59:26Z">
          <reporter-output>
          </reporter-output>
        </test-method> <!-- tearDown -->
      </class> <!-- com.syntax.testcases.LocationWithExcel -->
      <class name="com.syntax.testcases.LoginPageTest">
        <test-method status="PASS" signature="setUp()[pri:0, instance:com.syntax.testcases.LoginPageTest@39fb3ab6]" name="setUp" is-config="true" duration-ms="2212" started-at="2019-06-16T19:58:48Z" finished-at="2019-06-16T19:58:50Z">
          <reporter-output>
          </reporter-output>
        </test-method> <!-- setUp -->
        <test-method status="PASS" signature="doLogin()[pri:0, instance:com.syntax.testcases.LoginPageTest@39fb3ab6]" name="doLogin" duration-ms="2384" started-at="2019-06-16T19:58:50Z" finished-at="2019-06-16T19:58:53Z">
          <reporter-output>
          </reporter-output>
        </test-method> <!-- doLogin -->
        <test-method status="PASS" signature="tearDown()[pri:0, instance:com.syntax.testcases.LoginPageTest@39fb3ab6]" name="tearDown" is-config="true" duration-ms="103" started-at="2019-06-16T19:58:53Z" finished-at="2019-06-16T19:58:53Z">
          <reporter-output>
          </reporter-output>
        </test-method> <!-- tearDown -->
        <test-method status="PASS" signature="setUp()[pri:0, instance:com.syntax.testcases.LoginPageTest@39fb3ab6]" name="setUp" is-config="true" duration-ms="2569" started-at="2019-06-16T19:58:53Z" finished-at="2019-06-16T19:58:55Z">
          <reporter-output>
          </reporter-output>
        </test-method> <!-- setUp -->
        <test-method status="PASS" signature="loginToOrangeHRM()[pri:0, instance:com.syntax.testcases.LoginPageTest@39fb3ab6]" name="loginToOrangeHRM" duration-ms="3470" started-at="2019-06-16T19:58:55Z" finished-at="2019-06-16T19:58:59Z">
          <reporter-output>
          </reporter-output>
        </test-method> <!-- loginToOrangeHRM -->
        <test-method status="PASS" signature="tearDown()[pri:0, instance:com.syntax.testcases.LoginPageTest@39fb3ab6]" name="tearDown" is-config="true" duration-ms="139" started-at="2019-06-16T19:58:59Z" finished-at="2019-06-16T19:58:59Z">
          <reporter-output>
          </reporter-output>
        </test-method> <!-- tearDown -->
      </class> <!-- com.syntax.testcases.LoginPageTest -->
      <class name="com.syntax.testcases.MyAddEmpeloyeeTest">
        <test-method status="PASS" signature="generateReport()[pri:0, instance:com.syntax.testcases.MyAddEmpeloyeeTest@69d9c55]" name="generateReport" is-config="true" duration-ms="125" started-at="2019-06-16T19:58:37Z" finished-at="2019-06-16T19:58:37Z">
          <reporter-output>
          </reporter-output>
        </test-method> <!-- generateReport -->
        <test-method status="PASS" signature="flushReport()[pri:0, instance:com.syntax.testcases.MyAddEmpeloyeeTest@69d9c55]" name="flushReport" is-config="true" duration-ms="347" started-at="2019-06-16T19:59:26Z" finished-at="2019-06-16T19:59:26Z">
          <reporter-output>
          </reporter-output>
        </test-method> <!-- flushReport -->
      </class> <!-- com.syntax.testcases.MyAddEmpeloyeeTest -->
      <class name="com.syntax.testcases.LoginTest">
        <test-method status="PASS" signature="setUp()[pri:0, instance:com.syntax.testcases.LoginTest@61a485d2]" name="setUp" is-config="true" duration-ms="2810" started-at="2019-06-16T19:58:37Z" finished-at="2019-06-16T19:58:39Z">
          <reporter-output>
          </reporter-output>
        </test-method> <!-- setUp -->
        <test-method status="FAIL" signature="doLogin()[pri:0, instance:com.syntax.testcases.LoginTest@61a485d2]" name="doLogin" duration-ms="3389" started-at="2019-06-16T19:58:39Z" finished-at="2019-06-16T19:58:43Z">
          <exception class="java.lang.AssertionError">
            <message>
              <![CDATA[expected [true] but found [false]]]>
            </message>
            <full-stacktrace>
              <![CDATA[java.lang.AssertionError: expected [true] but found [false]
at org.testng.Assert.fail(Assert.java:96)
at org.testng.Assert.failNotEquals(Assert.java:776)
at org.testng.Assert.assertTrue(Assert.java:44)
at org.testng.Assert.assertTrue(Assert.java:54)
at com.syntax.testcases.LoginTest.doLogin(LoginTest.java:44)
at sun.reflect.NativeMethodAccessorImpl.invoke0(Native Method)
at sun.reflect.NativeMethodAccessorImpl.invoke(NativeMethodAccessorImpl.java:62)
at sun.reflect.DelegatingMethodAccessorImpl.invoke(DelegatingMethodAccessorImpl.java:43)
at java.lang.reflect.Method.invoke(Method.java:498)
at org.testng.internal.MethodInvocationHelper.invokeMethod(MethodInvocationHelper.java:124)
at org.testng.internal.Invoker.invokeMethod(Invoker.java:583)
at org.testng.internal.Invoker.invokeTestMethod(Invoker.java:719)
at org.testng.internal.Invoker.invokeTestMethods(Invoker.java:989)
at org.testng.internal.TestMethodWorker.invokeTestMethods(TestMethodWorker.java:125)
at org.testng.internal.TestMethodWorker.run(TestMethodWorker.java:109)
at org.testng.TestRunner.privateRun(TestRunner.java:648)
at org.testng.TestRunner.run(TestRunner.java:505)
at org.testng.SuiteRunner.runTest(SuiteRunner.java:455)
at org.testng.SuiteRunner.runSequentially(SuiteRunner.java:450)
at org.testng.SuiteRunner.privateRun(SuiteRunner.java:415)
at org.testng.SuiteRunner.run(SuiteRunner.java:364)
at org.testng.SuiteRunnerWorker.runSuite(SuiteRunnerWorker.java:52)
at org.testng.SuiteRunnerWorker.run(SuiteRunnerWorker.java:84)
at org.testng.TestNG.runSuitesSequentially(TestNG.java:1208)
at org.testng.TestNG.runSuitesLocally(TestNG.java:1137)
at org.testng.TestNG.runSuites(TestNG.java:1049)
at org.testng.TestNG.run(TestNG.java:1017)
at org.apache.maven.surefire.testng.TestNGExecutor.run(TestNGExecutor.java:283)
at org.apache.maven.surefire.testng.TestNGXmlTestSuite.execute(TestNGXmlTestSuite.java:75)
at org.apache.maven.surefire.testng.TestNGProvider.invoke(TestNGProvider.java:120)
at org.apache.maven.surefire.booter.ForkedBooter.invokeProviderInSameClassLoader(ForkedBooter.java:384)
at org.apache.maven.surefire.booter.ForkedBooter.runSuitesInProcess(ForkedBooter.java:345)
at org.apache.maven.surefire.booter.ForkedBooter.execute(ForkedBooter.java:126)
at org.apache.maven.surefire.booter.ForkedBooter.main(ForkedBooter.java:418)
]]>
            </full-stacktrace>
          </exception> <!-- java.lang.AssertionError -->
          <reporter-output>
          </reporter-output>
        </test-method> <!-- doLogin -->
        <test-method status="PASS" signature="tearDown()[pri:0, instance:com.syntax.testcases.LoginTest@61a485d2]" name="tearDown" is-config="true" duration-ms="112" started-at="2019-06-16T19:58:43Z" finished-at="2019-06-16T19:58:43Z">
          <reporter-output>
          </reporter-output>
        </test-method> <!-- tearDown -->
        <test-method status="PASS" signature="setUp()[pri:0, instance:com.syntax.testcases.LoginTest@61a485d2]" name="setUp" is-config="true" duration-ms="2325" started-at="2019-06-16T19:58:43Z" finished-at="2019-06-16T19:58:45Z">
          <reporter-output>
          </reporter-output>
        </test-method> <!-- setUp -->
        <test-method status="PASS" signature="loginToOrangeHRM()[pri:0, instance:com.syntax.testcases.LoginTest@61a485d2]" name="loginToOrangeHRM" duration-ms="2679" started-at="2019-06-16T19:58:45Z" finished-at="2019-06-16T19:58:48Z">
          <reporter-output>
          </reporter-output>
        </test-method> <!-- loginToOrangeHRM -->
        <test-method status="PASS" signature="tearDown()[pri:0, instance:com.syntax.testcases.LoginTest@61a485d2]" name="tearDown" is-config="true" duration-ms="131" started-at="2019-06-16T19:58:48Z" finished-at="2019-06-16T19:58:48Z">
          <reporter-output>
          </reporter-output>
        </test-method> <!-- tearDown -->
      </class> <!-- com.syntax.testcases.LoginTest -->
    </test> <!-- Smoke Test -->
  </suite> <!-- Smoke Suite -->
</testng-results>
